2019-08-29 07:57:04 -04 - [Information-Duplicati.Server.WebServer.Server-ServerListening]: Server has started and is listening on 127.0.0.1, port 8200
2019-08-29 08:13:41 -04 - [Information-Duplicati.Library.Main.Controller-StartingOperation]: The operation List has started
2019-08-29 08:13:41 -04 - [Profiling-Timer.Begin-Duplicati.Library.Main.Controller-RunList]: Starting - Running List
2019-08-29 08:13:41 -04 - [Profiling-Timer.Begin-Duplicati.Library.Main.Database.ExtensionMethods-ExecuteScalarInt64]: Starting - ExecuteScalarInt64: INSERT INTO "Operation" ("Description", "Timestamp") VALUES ("List", 1567080821); SELECT last_insert_rowid();
2019-08-29 08:13:41 -04 - [Profiling-Timer.Finished-Duplicati.Library.Main.Database.ExtensionMethods-ExecuteScalarInt64]: ExecuteScalarInt64: INSERT INTO "Operation" ("Description", "Timestamp") VALUES ("List", 1567080821); SELECT last_insert_rowid(); took 0:00:00:00.017
2019-08-29 08:13:41 -04 - [Profiling-Timer.Begin-Duplicati.Library.Main.Database.ExtensionMethods-ExecuteReader]: Starting - ExecuteReader: SELECT "ID", "Timestamp" FROM "Fileset" ORDER BY "Timestamp" DESC
2019-08-29 08:13:41 -04 - [Profiling-Timer.Finished-Duplicati.Library.Main.Database.ExtensionMethods-ExecuteReader]: ExecuteReader: SELECT "ID", "Timestamp" FROM "Fileset" ORDER BY "Timestamp" DESC took 0:00:00:00.000
2019-08-29 08:13:41 -04 - [Profiling-Timer.Begin-Duplicati.Library.Main.Database.ExtensionMethods-ExecuteNonQuery]: Starting - ExecuteNonQuery: CREATE TEMPORARY TABLE "Filesets-9B4E6D62AF74E148B440FAF126747E91" AS SELECT DISTINCT "ID" AS "FilesetID", "Timestamp" AS "Timestamp" FROM "Fileset" 
2019-08-29 08:13:41 -04 - [Profiling-Timer.Finished-Duplicati.Library.Main.Database.ExtensionMethods-ExecuteNonQuery]: ExecuteNonQuery: CREATE TEMPORARY TABLE "Filesets-9B4E6D62AF74E148B440FAF126747E91" AS SELECT DISTINCT "ID" AS "FilesetID", "Timestamp" AS "Timestamp" FROM "Fileset"  took 0:00:00:00.000
2019-08-29 08:13:41 -04 - [Profiling-Timer.Begin-Duplicati.Library.Main.Database.ExtensionMethods-ExecuteNonQuery]: Starting - ExecuteNonQuery: CREATE INDEX "Filesets-9B4E6D62AF74E148B440FAF126747E91_FilesetIDTimestampIndex" ON "Filesets-9B4E6D62AF74E148B440FAF126747E91" ("FilesetID", "Timestamp" DESC)
2019-08-29 08:13:41 -04 - [Profiling-Timer.Finished-Duplicati.Library.Main.Database.ExtensionMethods-ExecuteNonQuery]: ExecuteNonQuery: CREATE INDEX "Filesets-9B4E6D62AF74E148B440FAF126747E91_FilesetIDTimestampIndex" ON "Filesets-9B4E6D62AF74E148B440FAF126747E91" ("FilesetID", "Timestamp" DESC) took 0:00:00:00.000
2019-08-29 08:13:41 -04 - [Profiling-Timer.Begin-Duplicati.Library.Main.Database.ExtensionMethods-ExecuteReader]: Starting - ExecuteReader: SELECT DISTINCT "ID" FROM "Fileset" ORDER BY "Timestamp" DESC 
2019-08-29 08:13:41 -04 - [Profiling-Timer.Finished-Duplicati.Library.Main.Database.ExtensionMethods-ExecuteReader]: ExecuteReader: SELECT DISTINCT "ID" FROM "Fileset" ORDER BY "Timestamp" DESC  took 0:00:00:00.000
2019-08-29 08:13:41 -04 - [Profiling-Timer.Begin-Duplicati.Library.Main.Database.ExtensionMethods-ExecuteNonQuery]: Starting - ExecuteNonQuery: DROP TABLE IF EXISTS "Filesets-9B4E6D62AF74E148B440FAF126747E91" 
2019-08-29 08:13:41 -04 - [Profiling-Timer.Finished-Duplicati.Library.Main.Database.ExtensionMethods-ExecuteNonQuery]: ExecuteNonQuery: DROP TABLE IF EXISTS "Filesets-9B4E6D62AF74E148B440FAF126747E91"  took 0:00:00:00.000
2019-08-29 08:13:41 -04 - [Profiling-Timer.Begin-Duplicati.Library.Main.Database.ExtensionMethods-ExecuteNonQuery]: Starting - ExecuteNonQuery: PRAGMA optimize
2019-08-29 08:13:41 -04 - [Profiling-Timer.Finished-Duplicati.Library.Main.Database.ExtensionMethods-ExecuteNonQuery]: ExecuteNonQuery: PRAGMA optimize took 0:00:00:00.000
2019-08-29 08:13:41 -04 - [Profiling-Timer.Finished-Duplicati.Library.Main.Controller-RunList]: Running List took 0:00:00:00.046
2019-08-29 08:13:41 -04 - [Information-Duplicati.Library.Main.Controller-CompletedOperation]: The operation List has completed
2019-08-29 08:13:41 -04 - [Information-Duplicati.Library.Main.Controller-StartingOperation]: The operation List has started
2019-08-29 08:13:41 -04 - [Profiling-Timer.Begin-Duplicati.Library.Main.Controller-RunList]: Starting - Running List
2019-08-29 08:13:41 -04 - [Profiling-Timer.Begin-Duplicati.Library.Main.Database.ExtensionMethods-ExecuteScalarInt64]: Starting - ExecuteScalarInt64: INSERT INTO "Operation" ("Description", "Timestamp") VALUES ("List", 1567080821); SELECT last_insert_rowid();
2019-08-29 08:13:41 -04 - [Profiling-Timer.Finished-Duplicati.Library.Main.Database.ExtensionMethods-ExecuteScalarInt64]: ExecuteScalarInt64: INSERT INTO "Operation" ("Description", "Timestamp") VALUES ("List", 1567080821); SELECT last_insert_rowid(); took 0:00:00:00.009
2019-08-29 08:13:41 -04 - [Profiling-Timer.Begin-Duplicati.Library.Main.Database.ExtensionMethods-ExecuteReader]: Starting - ExecuteReader: SELECT "ID", "Timestamp" FROM "Fileset" ORDER BY "Timestamp" DESC
2019-08-29 08:13:41 -04 - [Profiling-Timer.Finished-Duplicati.Library.Main.Database.ExtensionMethods-ExecuteReader]: ExecuteReader: SELECT "ID", "Timestamp" FROM "Fileset" ORDER BY "Timestamp" DESC took 0:00:00:00.000
2019-08-29 08:13:41 -04 - [Profiling-Timer.Begin-Duplicati.Library.Main.Database.ExtensionMethods-ExecuteNonQuery]: Starting - ExecuteNonQuery: CREATE TEMPORARY TABLE "Filesets-5291042DEBCCA24DBC66033F16ED442E" AS SELECT DISTINCT "ID" AS "FilesetID", "Timestamp" AS "Timestamp" FROM "Fileset"  WHERE  "Timestamp" <= 1567077474
2019-08-29 08:13:41 -04 - [Profiling-Timer.Finished-Duplicati.Library.Main.Database.ExtensionMethods-ExecuteNonQuery]: ExecuteNonQuery: CREATE TEMPORARY TABLE "Filesets-5291042DEBCCA24DBC66033F16ED442E" AS SELECT DISTINCT "ID" AS "FilesetID", "Timestamp" AS "Timestamp" FROM "Fileset"  WHERE  "Timestamp" <= 1567077474 took 0:00:00:00.000
2019-08-29 08:13:41 -04 - [Profiling-Timer.Begin-Duplicati.Library.Main.Database.ExtensionMethods-ExecuteNonQuery]: Starting - ExecuteNonQuery: CREATE INDEX "Filesets-5291042DEBCCA24DBC66033F16ED442E_FilesetIDTimestampIndex" ON "Filesets-5291042DEBCCA24DBC66033F16ED442E" ("FilesetID", "Timestamp" DESC)
2019-08-29 08:13:41 -04 - [Profiling-Timer.Finished-Duplicati.Library.Main.Database.ExtensionMethods-ExecuteNonQuery]: ExecuteNonQuery: CREATE INDEX "Filesets-5291042DEBCCA24DBC66033F16ED442E_FilesetIDTimestampIndex" ON "Filesets-5291042DEBCCA24DBC66033F16ED442E" ("FilesetID", "Timestamp" DESC) took 0:00:00:00.000
2019-08-29 08:13:41 -04 - [Profiling-Timer.Begin-Duplicati.Library.Main.Database.ExtensionMethods-ExecuteNonQuery]: Starting - ExecuteNonQuery: DELETE FROM "Filesets-5291042DEBCCA24DBC66033F16ED442E" WHERE "FilesetID" NOT IN (SELECT "FilesetID" FROM "Filesets-5291042DEBCCA24DBC66033F16ED442E" ORDER BY "Timestamp" DESC LIMIT 1 )
2019-08-29 08:13:41 -04 - [Profiling-Timer.Finished-Duplicati.Library.Main.Database.ExtensionMethods-ExecuteNonQuery]: ExecuteNonQuery: DELETE FROM "Filesets-5291042DEBCCA24DBC66033F16ED442E" WHERE "FilesetID" NOT IN (SELECT "FilesetID" FROM "Filesets-5291042DEBCCA24DBC66033F16ED442E" ORDER BY "Timestamp" DESC LIMIT 1 ) took 0:00:00:00.000
2019-08-29 08:13:41 -04 - [Profiling-Timer.Begin-Duplicati.Library.Main.Database.ExtensionMethods-ExecuteNonQuery]: Starting - ExecuteNonQuery: CREATE TEMPORARY TABLE "Filenames-5EE2ED4F347B434A9719BB0A05635A43" ("Path" TEXT NOT NULL)
2019-08-29 08:13:41 -04 - [Profiling-Timer.Finished-Duplicati.Library.Main.Database.ExtensionMethods-ExecuteNonQuery]: ExecuteNonQuery: CREATE TEMPORARY TABLE "Filenames-5EE2ED4F347B434A9719BB0A05635A43" ("Path" TEXT NOT NULL) took 0:00:00:00.000
2019-08-29 08:13:41 -04 - [Profiling-Timer.Begin-Duplicati.Library.Main.Database.ExtensionMethods-ExecuteNonQuery]: Starting - ExecuteNonQuery: INSERT INTO "Filenames-5EE2ED4F347B434A9719BB0A05635A43" SELECT DISTINCT "Path" FROM "File" WHERE "Path" LIKE "%"
2019-08-29 08:13:41 -04 - [Profiling-Timer.Finished-Duplicati.Library.Main.Database.ExtensionMethods-ExecuteNonQuery]: ExecuteNonQuery: INSERT INTO "Filenames-5EE2ED4F347B434A9719BB0A05635A43" SELECT DISTINCT "Path" FROM "File" WHERE "Path" LIKE "%" took 0:00:00:00.000
2019-08-29 08:13:41 -04 - [Profiling-Timer.Begin-Duplicati.Library.Main.Database.ExtensionMethods-ExecuteNonQuery]: Starting - ExecuteNonQuery: DELETE FROM "Filenames-5EE2ED4F347B434A9719BB0A05635A43" WHERE "Path" NOT IN (SELECT DISTINCT "Path" FROM "File", "FilesetEntry" WHERE "FilesetEntry"."FileID" = "File"."ID" AND "FilesetEntry"."FilesetID" IN (SELECT "FilesetID" FROM "Filesets-5291042DEBCCA24DBC66033F16ED442E") ) 
2019-08-29 08:13:41 -04 - [Profiling-Timer.Finished-Duplicati.Library.Main.Database.ExtensionMethods-ExecuteNonQuery]: ExecuteNonQuery: DELETE FROM "Filenames-5EE2ED4F347B434A9719BB0A05635A43" WHERE "Path" NOT IN (SELECT DISTINCT "Path" FROM "File", "FilesetEntry" WHERE "FilesetEntry"."FileID" = "File"."ID" AND "FilesetEntry"."FilesetID" IN (SELECT "FilesetID" FROM "Filesets-5291042DEBCCA24DBC66033F16ED442E") )  took 0:00:00:00.000
2019-08-29 08:13:41 -04 - [Profiling-Timer.Begin-Duplicati.Library.Main.Database.ExtensionMethods-ExecuteScalarInt64]: Starting - ExecuteScalarInt64: SELECT COUNT(*) FROM "Filenames-5EE2ED4F347B434A9719BB0A05635A43"
2019-08-29 08:13:41 -04 - [Profiling-Timer.Finished-Duplicati.Library.Main.Database.ExtensionMethods-ExecuteScalarInt64]: ExecuteScalarInt64: SELECT COUNT(*) FROM "Filenames-5EE2ED4F347B434A9719BB0A05635A43" took 0:00:00:00.000
2019-08-29 08:13:41 -04 - [Profiling-Timer.Begin-Duplicati.Library.Main.Database.ExtensionMethods-ExecuteScalarInt64]: Starting - ExecuteScalarInt64: SELECT COUNT(*) FROM "Filenames-5EE2ED4F347B434A9719BB0A05635A43" WHERE SUBSTR("Path", 1, 42) = "D:\test-1-source-S\!Elucidate-Smurf-IV.zip"
2019-08-29 08:13:41 -04 - [Profiling-Timer.Finished-Duplicati.Library.Main.Database.ExtensionMethods-ExecuteScalarInt64]: ExecuteScalarInt64: SELECT COUNT(*) FROM "Filenames-5EE2ED4F347B434A9719BB0A05635A43" WHERE SUBSTR("Path", 1, 42) = "D:\test-1-source-S\!Elucidate-Smurf-IV.zip" took 0:00:00:00.000
2019-08-29 08:13:41 -04 - [Profiling-Timer.Begin-Duplicati.Library.Main.Database.ExtensionMethods-ExecuteScalarInt64]: Starting - ExecuteScalarInt64: SELECT COUNT(*) FROM "Filenames-5EE2ED4F347B434A9719BB0A05635A43" WHERE SUBSTR("Path", 1, 19) = "D:\test-1-source-S\"
2019-08-29 08:13:41 -04 - [Profiling-Timer.Finished-Duplicati.Library.Main.Database.ExtensionMethods-ExecuteScalarInt64]: ExecuteScalarInt64: SELECT COUNT(*) FROM "Filenames-5EE2ED4F347B434A9719BB0A05635A43" WHERE SUBSTR("Path", 1, 19) = "D:\test-1-source-S\" took 0:00:00:00.000
2019-08-29 08:13:41 -04 - [Profiling-Timer.Begin-Duplicati.Library.Main.Database.ExtensionMethods-ExecuteNonQuery]: Starting - ExecuteNonQuery: DROP TABLE IF EXISTS "Filenames-5EE2ED4F347B434A9719BB0A05635A43" 
2019-08-29 08:13:41 -04 - [Profiling-Timer.Finished-Duplicati.Library.Main.Database.ExtensionMethods-ExecuteNonQuery]: ExecuteNonQuery: DROP TABLE IF EXISTS "Filenames-5EE2ED4F347B434A9719BB0A05635A43"  took 0:00:00:00.000
2019-08-29 08:13:41 -04 - [Profiling-Timer.Begin-Duplicati.Library.Main.Database.ExtensionMethods-ExecuteReader]: Starting - ExecuteReader: SELECT DISTINCT "A"."FilesetID", "B"."FileCount", "B"."FileSizes" FROM "Filesets-5291042DEBCCA24DBC66033F16ED442E" A LEFT OUTER JOIN ( SELECT "A"."FilesetID" AS "FilesetID", COUNT(*) AS "FileCount", SUM("C"."Length") AS "FileSizes" FROM "FilesetEntry" A, "File" B, "Blockset" C WHERE "A"."FileID" = "B"."ID" AND "B"."BlocksetID" = "C"."ID" AND "A"."FilesetID" IN (SELECT DISTINCT "FilesetID" FROM "Filesets-5291042DEBCCA24DBC66033F16ED442E") GROUP BY "A"."FilesetID"  ) B ON "A"."FilesetID" = "B"."FilesetID" ORDER BY "A"."Timestamp" DESC 
2019-08-29 08:13:41 -04 - [Profiling-Timer.Finished-Duplicati.Library.Main.Database.ExtensionMethods-ExecuteReader]: ExecuteReader: SELECT DISTINCT "A"."FilesetID", "B"."FileCount", "B"."FileSizes" FROM "Filesets-5291042DEBCCA24DBC66033F16ED442E" A LEFT OUTER JOIN ( SELECT "A"."FilesetID" AS "FilesetID", COUNT(*) AS "FileCount", SUM("C"."Length") AS "FileSizes" FROM "FilesetEntry" A, "File" B, "Blockset" C WHERE "A"."FileID" = "B"."ID" AND "B"."BlocksetID" = "C"."ID" AND "A"."FilesetID" IN (SELECT DISTINCT "FilesetID" FROM "Filesets-5291042DEBCCA24DBC66033F16ED442E") GROUP BY "A"."FilesetID"  ) B ON "A"."FilesetID" = "B"."FilesetID" ORDER BY "A"."Timestamp" DESC  took 0:00:00:00.000
2019-08-29 08:13:41 -04 - [Profiling-Timer.Begin-Duplicati.Library.Main.Database.ExtensionMethods-ExecuteNonQuery]: Starting - ExecuteNonQuery: DROP TABLE IF EXISTS "Filesets-5291042DEBCCA24DBC66033F16ED442E" 
2019-08-29 08:13:41 -04 - [Profiling-Timer.Finished-Duplicati.Library.Main.Database.ExtensionMethods-ExecuteNonQuery]: ExecuteNonQuery: DROP TABLE IF EXISTS "Filesets-5291042DEBCCA24DBC66033F16ED442E"  took 0:00:00:00.000
2019-08-29 08:13:41 -04 - [Profiling-Timer.Begin-Duplicati.Library.Main.Database.ExtensionMethods-ExecuteNonQuery]: Starting - ExecuteNonQuery: PRAGMA optimize
2019-08-29 08:13:41 -04 - [Profiling-Timer.Finished-Duplicati.Library.Main.Database.ExtensionMethods-ExecuteNonQuery]: ExecuteNonQuery: PRAGMA optimize took 0:00:00:00.000
2019-08-29 08:13:41 -04 - [Profiling-Timer.Finished-Duplicati.Library.Main.Controller-RunList]: Running List took 0:00:00:00.035
2019-08-29 08:13:41 -04 - [Information-Duplicati.Library.Main.Controller-CompletedOperation]: The operation List has completed
2019-08-29 08:13:41 -04 - [Information-Duplicati.Library.Main.Controller-StartingOperation]: The operation List has started
2019-08-29 08:13:41 -04 - [Profiling-Timer.Begin-Duplicati.Library.Main.Controller-RunList]: Starting - Running List
2019-08-29 08:13:41 -04 - [Profiling-Timer.Begin-Duplicati.Library.Main.Database.ExtensionMethods-ExecuteScalarInt64]: Starting - ExecuteScalarInt64: INSERT INTO "Operation" ("Description", "Timestamp") VALUES ("List", 1567080821); SELECT last_insert_rowid();
2019-08-29 08:13:41 -04 - [Profiling-Timer.Finished-Duplicati.Library.Main.Database.ExtensionMethods-ExecuteScalarInt64]: ExecuteScalarInt64: INSERT INTO "Operation" ("Description", "Timestamp") VALUES ("List", 1567080821); SELECT last_insert_rowid(); took 0:00:00:00.008
2019-08-29 08:13:41 -04 - [Profiling-Timer.Begin-Duplicati.Library.Main.Database.ExtensionMethods-ExecuteReader]: Starting - ExecuteReader: SELECT "ID", "Timestamp" FROM "Fileset" ORDER BY "Timestamp" DESC
2019-08-29 08:13:41 -04 - [Profiling-Timer.Finished-Duplicati.Library.Main.Database.ExtensionMethods-ExecuteReader]: ExecuteReader: SELECT "ID", "Timestamp" FROM "Fileset" ORDER BY "Timestamp" DESC took 0:00:00:00.000
2019-08-29 08:13:41 -04 - [Profiling-Timer.Begin-Duplicati.Library.Main.Database.ExtensionMethods-ExecuteNonQuery]: Starting - ExecuteNonQuery: CREATE TEMPORARY TABLE "Filesets-930B76EAA427704DA0108F306AB9D658" AS SELECT DISTINCT "ID" AS "FilesetID", "Timestamp" AS "Timestamp" FROM "Fileset"  WHERE  "Timestamp" <= 1567077474
2019-08-29 08:13:41 -04 - [Profiling-Timer.Finished-Duplicati.Library.Main.Database.ExtensionMethods-ExecuteNonQuery]: ExecuteNonQuery: CREATE TEMPORARY TABLE "Filesets-930B76EAA427704DA0108F306AB9D658" AS SELECT DISTINCT "ID" AS "FilesetID", "Timestamp" AS "Timestamp" FROM "Fileset"  WHERE  "Timestamp" <= 1567077474 took 0:00:00:00.000
2019-08-29 08:13:41 -04 - [Profiling-Timer.Begin-Duplicati.Library.Main.Database.ExtensionMethods-ExecuteNonQuery]: Starting - ExecuteNonQuery: CREATE INDEX "Filesets-930B76EAA427704DA0108F306AB9D658_FilesetIDTimestampIndex" ON "Filesets-930B76EAA427704DA0108F306AB9D658" ("FilesetID", "Timestamp" DESC)
2019-08-29 08:13:41 -04 - [Profiling-Timer.Finished-Duplicati.Library.Main.Database.ExtensionMethods-ExecuteNonQuery]: ExecuteNonQuery: CREATE INDEX "Filesets-930B76EAA427704DA0108F306AB9D658_FilesetIDTimestampIndex" ON "Filesets-930B76EAA427704DA0108F306AB9D658" ("FilesetID", "Timestamp" DESC) took 0:00:00:00.000
2019-08-29 08:13:41 -04 - [Profiling-Timer.Begin-Duplicati.Library.Main.Database.ExtensionMethods-ExecuteNonQuery]: Starting - ExecuteNonQuery: DELETE FROM "Filesets-930B76EAA427704DA0108F306AB9D658" WHERE "FilesetID" NOT IN (SELECT "FilesetID" FROM "Filesets-930B76EAA427704DA0108F306AB9D658" ORDER BY "Timestamp" DESC LIMIT 1 )
2019-08-29 08:13:41 -04 - [Profiling-Timer.Finished-Duplicati.Library.Main.Database.ExtensionMethods-ExecuteNonQuery]: ExecuteNonQuery: DELETE FROM "Filesets-930B76EAA427704DA0108F306AB9D658" WHERE "FilesetID" NOT IN (SELECT "FilesetID" FROM "Filesets-930B76EAA427704DA0108F306AB9D658" ORDER BY "Timestamp" DESC LIMIT 1 ) took 0:00:00:00.000
2019-08-29 08:13:41 -04 - [Profiling-Timer.Begin-Duplicati.Library.Main.Database.ExtensionMethods-ExecuteReader]: Starting - ExecuteReader: SELECT DISTINCT "A"."FilesetID", "B"."FileCount", "B"."FileSizes" FROM "Filesets-930B76EAA427704DA0108F306AB9D658" A LEFT OUTER JOIN ( SELECT "A"."FilesetID" AS "FilesetID", COUNT(*) AS "FileCount", SUM("C"."Length") AS "FileSizes" FROM "FilesetEntry" A, "File" B, "Blockset" C WHERE "A"."FileID" = "B"."ID" AND "B"."BlocksetID" = "C"."ID" AND "A"."FilesetID" IN (SELECT DISTINCT "FilesetID" FROM "Filesets-930B76EAA427704DA0108F306AB9D658") GROUP BY "A"."FilesetID"  ) B ON "A"."FilesetID" = "B"."FilesetID" ORDER BY "A"."Timestamp" DESC 
2019-08-29 08:13:41 -04 - [Profiling-Timer.Finished-Duplicati.Library.Main.Database.ExtensionMethods-ExecuteReader]: ExecuteReader: SELECT DISTINCT "A"."FilesetID", "B"."FileCount", "B"."FileSizes" FROM "Filesets-930B76EAA427704DA0108F306AB9D658" A LEFT OUTER JOIN ( SELECT "A"."FilesetID" AS "FilesetID", COUNT(*) AS "FileCount", SUM("C"."Length") AS "FileSizes" FROM "FilesetEntry" A, "File" B, "Blockset" C WHERE "A"."FileID" = "B"."ID" AND "B"."BlocksetID" = "C"."ID" AND "A"."FilesetID" IN (SELECT DISTINCT "FilesetID" FROM "Filesets-930B76EAA427704DA0108F306AB9D658") GROUP BY "A"."FilesetID"  ) B ON "A"."FilesetID" = "B"."FilesetID" ORDER BY "A"."Timestamp" DESC  took 0:00:00:00.000
2019-08-29 08:13:41 -04 - [Profiling-Timer.Begin-Duplicati.Library.Main.Database.ExtensionMethods-ExecuteNonQuery]: Starting - ExecuteNonQuery: CREATE TEMPORARY TABLE "Filenames-B02AC1BA5EC52941A75B1A4B2B73383D" ("Path" TEXT NOT NULL)
2019-08-29 08:13:41 -04 - [Profiling-Timer.Finished-Duplicati.Library.Main.Database.ExtensionMethods-ExecuteNonQuery]: ExecuteNonQuery: CREATE TEMPORARY TABLE "Filenames-B02AC1BA5EC52941A75B1A4B2B73383D" ("Path" TEXT NOT NULL) took 0:00:00:00.000
2019-08-29 08:13:41 -04 - [Profiling-Timer.Begin-Duplicati.Library.Main.Database.ExtensionMethods-ExecuteNonQuery]: Starting - ExecuteNonQuery: INSERT INTO "Filenames-B02AC1BA5EC52941A75B1A4B2B73383D" SELECT DISTINCT "Path" FROM "File" WHERE "Path" LIKE "D:\TEST-1-SOURCE-S\%"
2019-08-29 08:13:41 -04 - [Profiling-Timer.Finished-Duplicati.Library.Main.Database.ExtensionMethods-ExecuteNonQuery]: ExecuteNonQuery: INSERT INTO "Filenames-B02AC1BA5EC52941A75B1A4B2B73383D" SELECT DISTINCT "Path" FROM "File" WHERE "Path" LIKE "D:\TEST-1-SOURCE-S\%" took 0:00:00:00.000
2019-08-29 08:13:41 -04 - [Profiling-Timer.Begin-Duplicati.Library.Main.Database.ExtensionMethods-ExecuteNonQuery]: Starting - ExecuteNonQuery: DELETE FROM "Filenames-B02AC1BA5EC52941A75B1A4B2B73383D" WHERE "Path" NOT IN (SELECT DISTINCT "Path" FROM "File", "FilesetEntry" WHERE "FilesetEntry"."FileID" = "File"."ID" AND "FilesetEntry"."FilesetID" IN (SELECT "FilesetID" FROM "Filesets-930B76EAA427704DA0108F306AB9D658") ) 
2019-08-29 08:13:41 -04 - [Profiling-Timer.Finished-Duplicati.Library.Main.Database.ExtensionMethods-ExecuteNonQuery]: ExecuteNonQuery: DELETE FROM "Filenames-B02AC1BA5EC52941A75B1A4B2B73383D" WHERE "Path" NOT IN (SELECT DISTINCT "Path" FROM "File", "FilesetEntry" WHERE "FilesetEntry"."FileID" = "File"."ID" AND "FilesetEntry"."FilesetID" IN (SELECT "FilesetID" FROM "Filesets-930B76EAA427704DA0108F306AB9D658") )  took 0:00:00:00.001
2019-08-29 08:13:41 -04 - [Profiling-Timer.Begin-Duplicati.Library.Main.Database.ExtensionMethods-ExecuteNonQuery]: Starting - ExecuteNonQuery: CREATE TEMPORARY TABLE "Filenames-46E251A871A8C9489A900457D7E0C6A6" ("Path" TEXT NOT NULL)
2019-08-29 08:13:41 -04 - [Profiling-Timer.Finished-Duplicati.Library.Main.Database.ExtensionMethods-ExecuteNonQuery]: ExecuteNonQuery: CREATE TEMPORARY TABLE "Filenames-46E251A871A8C9489A900457D7E0C6A6" ("Path" TEXT NOT NULL) took 0:00:00:00.000
2019-08-29 08:13:41 -04 - [Profiling-Timer.Begin-Duplicati.Library.Main.Database.ExtensionMethods-ExecuteReader]: Starting - ExecuteReader: SELECT DISTINCT "Path" FROM "Filenames-B02AC1BA5EC52941A75B1A4B2B73383D" 
2019-08-29 08:13:41 -04 - [Profiling-Timer.Finished-Duplicati.Library.Main.Database.ExtensionMethods-ExecuteReader]: ExecuteReader: SELECT DISTINCT "Path" FROM "Filenames-B02AC1BA5EC52941A75B1A4B2B73383D"  took 0:00:00:00.000
2019-08-29 08:13:41 -04 - [Profiling-Timer.Begin-Duplicati.Library.Main.Database.ExtensionMethods-ExecuteNonQuery]: Starting - ExecuteNonQuery: CREATE INDEX "Filenames-46E251A871A8C9489A900457D7E0C6A6_PathIndex" ON "Filenames-46E251A871A8C9489A900457D7E0C6A6" ("Path")
2019-08-29 08:13:41 -04 - [Profiling-Timer.Finished-Duplicati.Library.Main.Database.ExtensionMethods-ExecuteNonQuery]: ExecuteNonQuery: CREATE INDEX "Filenames-46E251A871A8C9489A900457D7E0C6A6_PathIndex" ON "Filenames-46E251A871A8C9489A900457D7E0C6A6" ("Path") took 0:00:00:00.001
2019-08-29 08:13:41 -04 - [Profiling-Timer.Begin-Duplicati.Library.Main.Database.ExtensionMethods-ExecuteReader]: Starting - ExecuteReader: SELECT "C"."Path", "D"."Length", "C"."FilesetID" FROM (SELECT "A"."Path", "B"."FilesetID" FROM "Filenames-46E251A871A8C9489A900457D7E0C6A6" A, (SELECT "FilesetID", "Timestamp" FROM "Filesets-930B76EAA427704DA0108F306AB9D658" ORDER BY "Timestamp" DESC) B ORDER BY "A"."Path" ASC, "B"."Timestamp" DESC) C LEFT OUTER JOIN (SELECT "Length", "FilesetEntry"."FilesetID", "File"."Path" FROM "Blockset", "FilesetEntry", "File" WHERE "File"."BlocksetID" = "Blockset"."ID" AND "FilesetEntry"."FileID" = "File"."ID" AND FilesetEntry."FilesetID" IN (SELECT DISTINCT "FilesetID" FROM "Filesets-930B76EAA427704DA0108F306AB9D658") ) D ON "C"."FilesetID" = "D"."FilesetID" AND "C"."Path" = "D"."Path"
2019-08-29 08:13:41 -04 - [Profiling-Timer.Finished-Duplicati.Library.Main.Database.ExtensionMethods-ExecuteReader]: ExecuteReader: SELECT "C"."Path", "D"."Length", "C"."FilesetID" FROM (SELECT "A"."Path", "B"."FilesetID" FROM "Filenames-46E251A871A8C9489A900457D7E0C6A6" A, (SELECT "FilesetID", "Timestamp" FROM "Filesets-930B76EAA427704DA0108F306AB9D658" ORDER BY "Timestamp" DESC) B ORDER BY "A"."Path" ASC, "B"."Timestamp" DESC) C LEFT OUTER JOIN (SELECT "Length", "FilesetEntry"."FilesetID", "File"."Path" FROM "Blockset", "FilesetEntry", "File" WHERE "File"."BlocksetID" = "Blockset"."ID" AND "FilesetEntry"."FileID" = "File"."ID" AND FilesetEntry."FilesetID" IN (SELECT DISTINCT "FilesetID" FROM "Filesets-930B76EAA427704DA0108F306AB9D658") ) D ON "C"."FilesetID" = "D"."FilesetID" AND "C"."Path" = "D"."Path" took 0:00:00:00.000
2019-08-29 08:13:41 -04 - [Profiling-Timer.Begin-Duplicati.Library.Main.Database.ExtensionMethods-ExecuteNonQuery]: Starting - ExecuteNonQuery: DROP TABLE IF EXISTS "Filenames-B02AC1BA5EC52941A75B1A4B2B73383D" 
2019-08-29 08:13:41 -04 - [Profiling-Timer.Finished-Duplicati.Library.Main.Database.ExtensionMethods-ExecuteNonQuery]: ExecuteNonQuery: DROP TABLE IF EXISTS "Filenames-B02AC1BA5EC52941A75B1A4B2B73383D"  took 0:00:00:00.000
2019-08-29 08:13:41 -04 - [Profiling-Timer.Begin-Duplicati.Library.Main.Database.ExtensionMethods-ExecuteNonQuery]: Starting - ExecuteNonQuery: DROP TABLE IF EXISTS "Filenames-46E251A871A8C9489A900457D7E0C6A6"
2019-08-29 08:13:41 -04 - [Profiling-Timer.Finished-Duplicati.Library.Main.Database.ExtensionMethods-ExecuteNonQuery]: ExecuteNonQuery: DROP TABLE IF EXISTS "Filenames-46E251A871A8C9489A900457D7E0C6A6" took 0:00:00:00.000
2019-08-29 08:13:41 -04 - [Profiling-Timer.Begin-Duplicati.Library.Main.Database.ExtensionMethods-ExecuteNonQuery]: Starting - ExecuteNonQuery: DROP TABLE IF EXISTS "Filesets-930B76EAA427704DA0108F306AB9D658" 
2019-08-29 08:13:41 -04 - [Profiling-Timer.Finished-Duplicati.Library.Main.Database.ExtensionMethods-ExecuteNonQuery]: ExecuteNonQuery: DROP TABLE IF EXISTS "Filesets-930B76EAA427704DA0108F306AB9D658"  took 0:00:00:00.000
2019-08-29 08:13:41 -04 - [Profiling-Timer.Begin-Duplicati.Library.Main.Database.ExtensionMethods-ExecuteNonQuery]: Starting - ExecuteNonQuery: PRAGMA optimize
2019-08-29 08:13:41 -04 - [Profiling-Timer.Finished-Duplicati.Library.Main.Database.ExtensionMethods-ExecuteNonQuery]: ExecuteNonQuery: PRAGMA optimize took 0:00:00:00.000
2019-08-29 08:13:41 -04 - [Profiling-Timer.Finished-Duplicati.Library.Main.Controller-RunList]: Running List took 0:00:00:00.024
2019-08-29 08:13:41 -04 - [Information-Duplicati.Library.Main.Controller-CompletedOperation]: The operation List has completed
2019-08-29 08:13:45 -04 - [Information-Duplicati.Library.Main.Controller-StartingOperation]: The operation Restore has started
2019-08-29 08:13:45 -04 - [Profiling-Timer.Begin-Duplicati.Library.Main.Controller-RunRestore]: Starting - Running Restore
2019-08-29 08:13:45 -04 - [Profiling-Timer.Begin-Duplicati.Library.Main.Database.ExtensionMethods-ExecuteScalarInt64]: Starting - ExecuteScalarInt64: INSERT INTO "Operation" ("Description", "Timestamp") VALUES ("Restore", 1567080825); SELECT last_insert_rowid();
2019-08-29 08:13:45 -04 - [Profiling-Timer.Finished-Duplicati.Library.Main.Database.ExtensionMethods-ExecuteScalarInt64]: ExecuteScalarInt64: INSERT INTO "Operation" ("Description", "Timestamp") VALUES ("Restore", 1567080825); SELECT last_insert_rowid(); took 0:00:00:00.008
2019-08-29 08:13:45 -04 - [Profiling-Timer.Begin-Duplicati.Library.Main.Database.ExtensionMethods-ExecuteReader]: Starting - ExecuteReader: SELECT "Key", "Value" FROM "Configuration" 
2019-08-29 08:13:45 -04 - [Profiling-Timer.Finished-Duplicati.Library.Main.Database.ExtensionMethods-ExecuteReader]: ExecuteReader: SELECT "Key", "Value" FROM "Configuration"  took 0:00:00:00.000
2019-08-29 08:13:45 -04 - [Profiling-Timer.Begin-Duplicati.Library.Main.Database.ExtensionMethods-ExecuteReader]: Starting - ExecuteReader: SELECT "Key", "Value" FROM "Configuration" 
2019-08-29 08:13:45 -04 - [Profiling-Timer.Finished-Duplicati.Library.Main.Database.ExtensionMethods-ExecuteReader]: ExecuteReader: SELECT "Key", "Value" FROM "Configuration"  took 0:00:00:00.001
2019-08-29 08:13:45 -04 - [Profiling-Timer.Begin-Duplicati.Library.Main.Database.ExtensionMethods-ExecuteScalarInt64]: Starting - ExecuteScalarInt64: SELECT COUNT(*) FROM "Block" WHERE "Size" > 102400
2019-08-29 08:13:45 -04 - [Profiling-Timer.Finished-Duplicati.Library.Main.Database.ExtensionMethods-ExecuteScalarInt64]: ExecuteScalarInt64: SELECT COUNT(*) FROM "Block" WHERE "Size" > 102400 took 0:00:00:00.000
2019-08-29 08:13:45 -04 - [Profiling-Timer.Begin-Duplicati.Library.Main.BackendManager-RemoteOperationList]: Starting - RemoteOperationList
2019-08-29 08:13:45 -04 - [Information-Duplicati.Library.Main.BasicResults-BackendEvent]: Backend event: List - Started:  ()
2019-08-29 08:13:45 -04 - [Information-Duplicati.Library.Main.BasicResults-BackendEvent]: Backend event: List - Completed:  (3 bytes)
2019-08-29 08:13:45 -04 - [Profiling-Timer.Finished-Duplicati.Library.Main.BackendManager-RemoteOperationList]: RemoteOperationList took 0:00:00:00.006
2019-08-29 08:13:46 -04 - [Profiling-Timer.Begin-Duplicati.Library.Main.Database.ExtensionMethods-ExecuteReader]: Starting - ExecuteReader: SELECT DISTINCT "Name", "State" FROM "Remotevolume" WHERE "Name" IN (SELECT "Name" FROM "Remotevolume" WHERE "State" IN ("Deleted", "Deleting")) AND NOT "State" IN ("Deleted", "Deleting")
2019-08-29 08:13:46 -04 - [Profiling-Timer.Finished-Duplicati.Library.Main.Database.ExtensionMethods-ExecuteReader]: ExecuteReader: SELECT DISTINCT "Name", "State" FROM "Remotevolume" WHERE "Name" IN (SELECT "Name" FROM "Remotevolume" WHERE "State" IN ("Deleted", "Deleting")) AND NOT "State" IN ("Deleted", "Deleting") took 0:00:00:00.001
2019-08-29 08:13:46 -04 - [Profiling-Timer.Begin-Duplicati.Library.Main.Operation.RestoreHandler-PrepareBlockList]: Starting - PrepareBlockList
2019-08-29 08:13:46 -04 - [Profiling-Timer.Begin-Duplicati.Library.Main.Operation.RestoreHandler-PrepareRestoreFileList]: Starting - PrepareRestoreFileList
2019-08-29 08:13:46 -04 - [Profiling-Timer.Begin-Duplicati.Library.Main.Database.ExtensionMethods-ExecuteReader]: Starting - ExecuteReader: SELECT "ID", "Timestamp" FROM "Fileset" ORDER BY "Timestamp" DESC
2019-08-29 08:13:46 -04 - [Profiling-Timer.Finished-Duplicati.Library.Main.Database.ExtensionMethods-ExecuteReader]: ExecuteReader: SELECT "ID", "Timestamp" FROM "Fileset" ORDER BY "Timestamp" DESC took 0:00:00:00.000
2019-08-29 08:13:46 -04 - [Profiling-Timer.Begin-Duplicati.Library.Main.Database.ExtensionMethods-ExecuteReader]: Starting - ExecuteReader: SELECT "ID" FROM "Fileset"  WHERE  "Timestamp" <= 1567077474 ORDER BY "Timestamp" DESC
2019-08-29 08:13:46 -04 - [Profiling-Timer.Finished-Duplicati.Library.Main.Database.ExtensionMethods-ExecuteReader]: ExecuteReader: SELECT "ID" FROM "Fileset"  WHERE  "Timestamp" <= 1567077474 ORDER BY "Timestamp" DESC took 0:00:00:00.001
2019-08-29 08:13:46 -04 - [Profiling-Timer.Begin-Duplicati.Library.Main.Database.ExtensionMethods-ExecuteScalarInt64]: Starting - ExecuteScalarInt64: SELECT "Timestamp" FROM "Fileset" WHERE "ID" = 1
2019-08-29 08:13:46 -04 - [Profiling-Timer.Finished-Duplicati.Library.Main.Database.ExtensionMethods-ExecuteScalarInt64]: ExecuteScalarInt64: SELECT "Timestamp" FROM "Fileset" WHERE "ID" = 1 took 0:00:00:00.000
2019-08-29 08:13:46 -04 - [Profiling-Timer.Begin-Duplicati.Library.Main.Database.ExtensionMethods-ExecuteReader]: Starting - ExecuteReader: SELECT "ID", "Timestamp" FROM "Fileset" ORDER BY "Timestamp" DESC
2019-08-29 08:13:46 -04 - [Profiling-Timer.Finished-Duplicati.Library.Main.Database.ExtensionMethods-ExecuteReader]: ExecuteReader: SELECT "ID", "Timestamp" FROM "Fileset" ORDER BY "Timestamp" DESC took 0:00:00:00.000
2019-08-29 08:13:46 -04 - [Information-Duplicati.Library.Main.Database.LocalRestoreDatabase-SearchingBackup]: Searching backup 0 (8/29/2019 11:17:54 AM) ...
2019-08-29 08:13:46 -04 - [Profiling-Timer.Begin-Duplicati.Library.Main.Database.ExtensionMethods-ExecuteNonQuery]: Starting - ExecuteNonQuery: DROP TABLE IF EXISTS "Fileset-045B7BF3E68EDF40A003A8BA2B85507B" 
2019-08-29 08:13:46 -04 - [Profiling-Timer.Finished-Duplicati.Library.Main.Database.ExtensionMethods-ExecuteNonQuery]: ExecuteNonQuery: DROP TABLE IF EXISTS "Fileset-045B7BF3E68EDF40A003A8BA2B85507B"  took 0:00:00:00.000
2019-08-29 08:13:46 -04 - [Profiling-Timer.Begin-Duplicati.Library.Main.Database.ExtensionMethods-ExecuteNonQuery]: Starting - ExecuteNonQuery: DROP TABLE IF EXISTS "Blocks-045B7BF3E68EDF40A003A8BA2B85507B" 
2019-08-29 08:13:46 -04 - [Profiling-Timer.Finished-Duplicati.Library.Main.Database.ExtensionMethods-ExecuteNonQuery]: ExecuteNonQuery: DROP TABLE IF EXISTS "Blocks-045B7BF3E68EDF40A003A8BA2B85507B"  took 0:00:00:00.000
2019-08-29 08:13:46 -04 - [Profiling-Timer.Begin-Duplicati.Library.Main.Database.ExtensionMethods-ExecuteNonQuery]: Starting - ExecuteNonQuery: CREATE TEMPORARY TABLE "Fileset-045B7BF3E68EDF40A003A8BA2B85507B" ("ID" INTEGER PRIMARY KEY, "Path" TEXT NOT NULL, "BlocksetID" INTEGER NOT NULL, "MetadataID" INTEGER NOT NULL, "TargetPath" TEXT NULL, "DataVerified" BOOLEAN NOT NULL) 
2019-08-29 08:13:46 -04 - [Profiling-Timer.Finished-Duplicati.Library.Main.Database.ExtensionMethods-ExecuteNonQuery]: ExecuteNonQuery: CREATE TEMPORARY TABLE "Fileset-045B7BF3E68EDF40A003A8BA2B85507B" ("ID" INTEGER PRIMARY KEY, "Path" TEXT NOT NULL, "BlocksetID" INTEGER NOT NULL, "MetadataID" INTEGER NOT NULL, "TargetPath" TEXT NULL, "DataVerified" BOOLEAN NOT NULL)  took 0:00:00:00.000
2019-08-29 08:13:46 -04 - [Profiling-Timer.Begin-Duplicati.Library.Main.Database.ExtensionMethods-ExecuteNonQuery]: Starting - ExecuteNonQuery: CREATE TEMPORARY TABLE "Blocks-045B7BF3E68EDF40A003A8BA2B85507B" ("ID" INTEGER PRIMARY KEY, "FileID" INTEGER NOT NULL, "Index" INTEGER NOT NULL, "Hash" TEXT NOT NULL, "Size" INTEGER NOT NULL, "Restored" BOOLEAN NOT NULL, "Metadata" BOOLEAN NOT NULL)
2019-08-29 08:13:46 -04 - [Profiling-Timer.Finished-Duplicati.Library.Main.Database.ExtensionMethods-ExecuteNonQuery]: ExecuteNonQuery: CREATE TEMPORARY TABLE "Blocks-045B7BF3E68EDF40A003A8BA2B85507B" ("ID" INTEGER PRIMARY KEY, "FileID" INTEGER NOT NULL, "Index" INTEGER NOT NULL, "Hash" TEXT NOT NULL, "Size" INTEGER NOT NULL, "Restored" BOOLEAN NOT NULL, "Metadata" BOOLEAN NOT NULL) took 0:00:00:00.000
2019-08-29 08:13:46 -04 - [Profiling-Timer.Begin-Duplicati.Library.Main.Database.ExtensionMethods-ExecuteNonQuery]: Starting - ExecuteNonQuery: CREATE INDEX "Fileset-045B7BF3E68EDF40A003A8BA2B85507B_Index" ON "Fileset-045B7BF3E68EDF40A003A8BA2B85507B" ("TargetPath")
2019-08-29 08:13:46 -04 - [Profiling-Timer.Finished-Duplicati.Library.Main.Database.ExtensionMethods-ExecuteNonQuery]: ExecuteNonQuery: CREATE INDEX "Fileset-045B7BF3E68EDF40A003A8BA2B85507B_Index" ON "Fileset-045B7BF3E68EDF40A003A8BA2B85507B" ("TargetPath") took 0:00:00:00.000
2019-08-29 08:13:46 -04 - [Profiling-Timer.Begin-Duplicati.Library.Main.Database.ExtensionMethods-ExecuteNonQuery]: Starting - ExecuteNonQuery: CREATE INDEX "Blocks-045B7BF3E68EDF40A003A8BA2B85507B_HashSizeIndex" ON "Blocks-045B7BF3E68EDF40A003A8BA2B85507B" ("Hash", "Size")
2019-08-29 08:13:46 -04 - [Profiling-Timer.Finished-Duplicati.Library.Main.Database.ExtensionMethods-ExecuteNonQuery]: ExecuteNonQuery: CREATE INDEX "Blocks-045B7BF3E68EDF40A003A8BA2B85507B_HashSizeIndex" ON "Blocks-045B7BF3E68EDF40A003A8BA2B85507B" ("Hash", "Size") took 0:00:00:00.000
2019-08-29 08:13:46 -04 - [Profiling-Timer.Begin-Duplicati.Library.Main.Database.ExtensionMethods-ExecuteNonQuery]: Starting - ExecuteNonQuery: CREATE INDEX "Blocks-045B7BF3E68EDF40A003A8BA2B85507B_FileIdIndexIndex" ON "Blocks-045B7BF3E68EDF40A003A8BA2B85507B" ("FileId", "Index")
2019-08-29 08:13:46 -04 - [Profiling-Timer.Finished-Duplicati.Library.Main.Database.ExtensionMethods-ExecuteNonQuery]: ExecuteNonQuery: CREATE INDEX "Blocks-045B7BF3E68EDF40A003A8BA2B85507B_FileIdIndexIndex" ON "Blocks-045B7BF3E68EDF40A003A8BA2B85507B" ("FileId", "Index") took 0:00:00:00.000
2019-08-29 08:13:46 -04 - [Profiling-Timer.Begin-Duplicati.Library.Main.Database.ExtensionMethods-ExecuteReader]: Starting - ExecuteReader: SELECT COUNT(DISTINCT "Fileset-045B7BF3E68EDF40A003A8BA2B85507B"."Path"), SUM("Blockset"."Length") FROM "Fileset-045B7BF3E68EDF40A003A8BA2B85507B", "Blockset" WHERE "Fileset-045B7BF3E68EDF40A003A8BA2B85507B"."BlocksetID" = "Blockset"."ID" 
2019-08-29 08:13:46 -04 - [Profiling-Timer.Finished-Duplicati.Library.Main.Database.ExtensionMethods-ExecuteReader]: ExecuteReader: SELECT COUNT(DISTINCT "Fileset-045B7BF3E68EDF40A003A8BA2B85507B"."Path"), SUM("Blockset"."Length") FROM "Fileset-045B7BF3E68EDF40A003A8BA2B85507B", "Blockset" WHERE "Fileset-045B7BF3E68EDF40A003A8BA2B85507B"."BlocksetID" = "Blockset"."ID"  took 0:00:00:00.000
2019-08-29 08:13:46 -04 - [Verbose-Duplicati.Library.Main.Database.LocalRestoreDatabase-RestoreTargetFileCount]: Needs to restore 31 files (40.47 MB)
2019-08-29 08:13:46 -04 - [Profiling-Timer.Finished-Duplicati.Library.Main.Operation.RestoreHandler-PrepareRestoreFileList]: PrepareRestoreFileList took 0:00:00:00.011
2019-08-29 08:13:46 -04 - [Profiling-Timer.Begin-Duplicati.Library.Main.Operation.RestoreHandler-SetTargetPaths]: Starting - SetTargetPaths
2019-08-29 08:13:46 -04 - [Profiling-Timer.Begin-Duplicati.Library.Main.Database.ExtensionMethods-ExecuteNonQuery]: Starting - ExecuteNonQuery: UPDATE "Fileset-045B7BF3E68EDF40A003A8BA2B85507B" SET "Targetpath" = "Path" 
2019-08-29 08:13:46 -04 - [Profiling-Timer.Finished-Duplicati.Library.Main.Database.ExtensionMethods-ExecuteNonQuery]: ExecuteNonQuery: UPDATE "Fileset-045B7BF3E68EDF40A003A8BA2B85507B" SET "Targetpath" = "Path"  took 0:00:00:00.000
2019-08-29 08:13:46 -04 - [Profiling-Timer.Finished-Duplicati.Library.Main.Operation.RestoreHandler-SetTargetPaths]: SetTargetPaths took 0:00:00:00.000
2019-08-29 08:13:46 -04 - [Profiling-Timer.Begin-Duplicati.Library.Main.Operation.RestoreHandler-FindMissingBlocks]: Starting - FindMissingBlocks
2019-08-29 08:13:46 -04 - [Profiling-Timer.Begin-Duplicati.Library.Main.Database.ExtensionMethods-ExecuteScalarInt64]: Starting - ExecuteScalarInt64: SELECT SUM("Size") FROM "Blocks-045B7BF3E68EDF40A003A8BA2B85507B" 
2019-08-29 08:13:46 -04 - [Profiling-Timer.Finished-Duplicati.Library.Main.Database.ExtensionMethods-ExecuteScalarInt64]: ExecuteScalarInt64: SELECT SUM("Size") FROM "Blocks-045B7BF3E68EDF40A003A8BA2B85507B"  took 0:00:00:00.000
2019-08-29 08:13:46 -04 - [Verbose-Duplicati.Library.Main.Database.LocalRestoreDatabase-RestoreSourceSize]: Restore list contains 472 blocks with a total size of 40.47 MB
2019-08-29 08:13:46 -04 - [Profiling-Timer.Finished-Duplicati.Library.Main.Operation.RestoreHandler-FindMissingBlocks]: FindMissingBlocks took 0:00:00:00.002
2019-08-29 08:13:46 -04 - [Profiling-Timer.Begin-Duplicati.Library.Main.Operation.RestoreHandler-CreateProgressTracker]: Starting - CreateProgressTracker
2019-08-29 08:13:46 -04 - [Profiling-Timer.Begin-Duplicati.Library.Main.Database.ExtensionMethods-ExecuteNonQuery]: Starting - ExecuteNonQuery: DROP TABLE IF EXISTS "FileProgress-14F8047897AC8A41BE5B5F36827AB4B6" 
2019-08-29 08:13:46 -04 - [Profiling-Timer.Finished-Duplicati.Library.Main.Database.ExtensionMethods-ExecuteNonQuery]: ExecuteNonQuery: DROP TABLE IF EXISTS "FileProgress-14F8047897AC8A41BE5B5F36827AB4B6"  took 0:00:00:00.001
2019-08-29 08:13:46 -04 - [Profiling-Timer.Begin-Duplicati.Library.Main.Database.ExtensionMethods-ExecuteNonQuery]: Starting - ExecuteNonQuery: CREATE TEMPORARY TABLE "FileProgress-14F8047897AC8A41BE5B5F36827AB4B6" (  "FileId" INTEGER PRIMARY KEY , "TotalBlocks" INTEGER NOT NULL, "TotalSize" INTEGER NOT NULL , "BlocksRestored" INTEGER NOT NULL, "SizeRestored" INTEGER NOT NULL )
2019-08-29 08:13:46 -04 - [Profiling-Timer.Finished-Duplicati.Library.Main.Database.ExtensionMethods-ExecuteNonQuery]: ExecuteNonQuery: CREATE TEMPORARY TABLE "FileProgress-14F8047897AC8A41BE5B5F36827AB4B6" (  "FileId" INTEGER PRIMARY KEY , "TotalBlocks" INTEGER NOT NULL, "TotalSize" INTEGER NOT NULL , "BlocksRestored" INTEGER NOT NULL, "SizeRestored" INTEGER NOT NULL ) took 0:00:00:00.000
2019-08-29 08:13:46 -04 - [Profiling-Timer.Begin-Duplicati.Library.Main.Database.ExtensionMethods-ExecuteNonQuery]: Starting - ExecuteNonQuery: DROP TABLE IF EXISTS "TotalProgress-14F8047897AC8A41BE5B5F36827AB4B6" 
2019-08-29 08:13:46 -04 - [Profiling-Timer.Finished-Duplicati.Library.Main.Database.ExtensionMethods-ExecuteNonQuery]: ExecuteNonQuery: DROP TABLE IF EXISTS "TotalProgress-14F8047897AC8A41BE5B5F36827AB4B6"  took 0:00:00:00.000
2019-08-29 08:13:46 -04 - [Profiling-Timer.Begin-Duplicati.Library.Main.Database.ExtensionMethods-ExecuteNonQuery]: Starting - ExecuteNonQuery: CREATE TEMPORARY TABLE "TotalProgress-14F8047897AC8A41BE5B5F36827AB4B6" (  "TotalFiles" INTEGER NOT NULL, "TotalBlocks" INTEGER NOT NULL, "TotalSize" INTEGER NOT NULL , "FilesFullyRestored" INTEGER NOT NULL, "FilesPartiallyRestored" INTEGER NOT NULL , "BlocksRestored" INTEGER NOT NULL, "SizeRestored" INTEGER NOT NULL )
2019-08-29 08:13:46 -04 - [Profiling-Timer.Finished-Duplicati.Library.Main.Database.ExtensionMethods-ExecuteNonQuery]: ExecuteNonQuery: CREATE TEMPORARY TABLE "TotalProgress-14F8047897AC8A41BE5B5F36827AB4B6" (  "TotalFiles" INTEGER NOT NULL, "TotalBlocks" INTEGER NOT NULL, "TotalSize" INTEGER NOT NULL , "FilesFullyRestored" INTEGER NOT NULL, "FilesPartiallyRestored" INTEGER NOT NULL , "BlocksRestored" INTEGER NOT NULL, "SizeRestored" INTEGER NOT NULL ) took 0:00:00:00.000
2019-08-29 08:13:46 -04 - [Profiling-Timer.Begin-Duplicati.Library.Main.Database.ExtensionMethods-ExecuteNonQuery]: Starting - ExecuteNonQuery:  INSERT INTO "FileProgress-14F8047897AC8A41BE5B5F36827AB4B6" ("FileId", "TotalBlocks", "TotalSize", "BlocksRestored", "SizeRestored")  SELECT   "F"."ID", IFNULL(COUNT("B"."ID"), 0), IFNULL(SUM("B"."Size"), 0)        , IFNULL(COUNT(CASE "B"."Restored" WHEN 1 THEN "B"."ID" ELSE NULL END), 0)         , IFNULL(SUM(CASE "B"."Restored" WHEN 1 THEN "B"."Size" ELSE 0 END), 0)    FROM "Fileset-045B7BF3E68EDF40A003A8BA2B85507B" "F" LEFT JOIN "Blocks-045B7BF3E68EDF40A003A8BA2B85507B" "B"        ON  "B"."FileID" = "F"."ID"   WHERE "B"."Metadata" IS NOT 1   GROUP BY "F"."ID" 
2019-08-29 08:13:46 -04 - [Profiling-Timer.Finished-Duplicati.Library.Main.Database.ExtensionMethods-ExecuteNonQuery]: ExecuteNonQuery:  INSERT INTO "FileProgress-14F8047897AC8A41BE5B5F36827AB4B6" ("FileId", "TotalBlocks", "TotalSize", "BlocksRestored", "SizeRestored")  SELECT   "F"."ID", IFNULL(COUNT("B"."ID"), 0), IFNULL(SUM("B"."Size"), 0)        , IFNULL(COUNT(CASE "B"."Restored" WHEN 1 THEN "B"."ID" ELSE NULL END), 0)         , IFNULL(SUM(CASE "B"."Restored" WHEN 1 THEN "B"."Size" ELSE 0 END), 0)    FROM "Fileset-045B7BF3E68EDF40A003A8BA2B85507B" "F" LEFT JOIN "Blocks-045B7BF3E68EDF40A003A8BA2B85507B" "B"        ON  "B"."FileID" = "F"."ID"   WHERE "B"."Metadata" IS NOT 1   GROUP BY "F"."ID"  took 0:00:00:00.000
2019-08-29 08:13:46 -04 - [Profiling-Timer.Begin-Duplicati.Library.Main.Database.ExtensionMethods-ExecuteNonQuery]: Starting - ExecuteNonQuery: INSERT INTO "TotalProgress-14F8047897AC8A41BE5B5F36827AB4B6" (  "TotalFiles", "TotalBlocks", "TotalSize" , "FilesFullyRestored", "FilesPartiallyRestored", "BlocksRestored", "SizeRestored" )  SELECT   IFNULL(COUNT("P"."FileId"), 0), IFNULL(SUM("P"."TotalBlocks"), 0), IFNULL(SUM("P"."TotalSize"), 0)         , IFNULL(COUNT(CASE WHEN "P"."BlocksRestored" = "P"."TotalBlocks" THEN 1 ELSE NULL END), 0)         , IFNULL(COUNT(CASE WHEN "P"."BlocksRestored" BETWEEN 1 AND "P"."TotalBlocks" - 1 THEN 1 ELSE NULL END), 0)         , IFNULL(SUM("P"."BlocksRestored"), 0), IFNULL(SUM("P"."SizeRestored"), 0)    FROM "FileProgress-14F8047897AC8A41BE5B5F36827AB4B6" "P" 
2019-08-29 08:13:46 -04 - [Profiling-Timer.Finished-Duplicati.Library.Main.Database.ExtensionMethods-ExecuteNonQuery]: ExecuteNonQuery: INSERT INTO "TotalProgress-14F8047897AC8A41BE5B5F36827AB4B6" (  "TotalFiles", "TotalBlocks", "TotalSize" , "FilesFullyRestored", "FilesPartiallyRestored", "BlocksRestored", "SizeRestored" )  SELECT   IFNULL(COUNT("P"."FileId"), 0), IFNULL(SUM("P"."TotalBlocks"), 0), IFNULL(SUM("P"."TotalSize"), 0)         , IFNULL(COUNT(CASE WHEN "P"."BlocksRestored" = "P"."TotalBlocks" THEN 1 ELSE NULL END), 0)         , IFNULL(COUNT(CASE WHEN "P"."BlocksRestored" BETWEEN 1 AND "P"."TotalBlocks" - 1 THEN 1 ELSE NULL END), 0)         , IFNULL(SUM("P"."BlocksRestored"), 0), IFNULL(SUM("P"."SizeRestored"), 0)    FROM "FileProgress-14F8047897AC8A41BE5B5F36827AB4B6" "P"  took 0:00:00:00.000
2019-08-29 08:13:46 -04 - [Profiling-Timer.Begin-Duplicati.Library.Main.Database.ExtensionMethods-ExecuteNonQuery]: Starting - ExecuteNonQuery: CREATE TEMPORARY TRIGGER "TrackRestoredBlocks_Blocks-045B7BF3E68EDF40A003A8BA2B85507B" AFTER UPDATE OF "Restored" ON "Blocks-045B7BF3E68EDF40A003A8BA2B85507B"   WHEN OLD."Restored" != NEW."Restored" AND NEW."Metadata" = 0   BEGIN UPDATE "FileProgress-14F8047897AC8A41BE5B5F36827AB4B6"      SET "BlocksRestored" = "FileProgress-14F8047897AC8A41BE5B5F36827AB4B6"."BlocksRestored" + (NEW."Restored" - OLD."Restored")        , "SizeRestored" = "FileProgress-14F8047897AC8A41BE5B5F36827AB4B6"."SizeRestored" + ((NEW."Restored" - OLD."Restored") * NEW.Size)    WHERE "FileProgress-14F8047897AC8A41BE5B5F36827AB4B6"."FileId" = NEW."FileID"   ; END 
2019-08-29 08:13:46 -04 - [Profiling-Timer.Finished-Duplicati.Library.Main.Database.ExtensionMethods-ExecuteNonQuery]: ExecuteNonQuery: CREATE TEMPORARY TRIGGER "TrackRestoredBlocks_Blocks-045B7BF3E68EDF40A003A8BA2B85507B" AFTER UPDATE OF "Restored" ON "Blocks-045B7BF3E68EDF40A003A8BA2B85507B"   WHEN OLD."Restored" != NEW."Restored" AND NEW."Metadata" = 0   BEGIN UPDATE "FileProgress-14F8047897AC8A41BE5B5F36827AB4B6"      SET "BlocksRestored" = "FileProgress-14F8047897AC8A41BE5B5F36827AB4B6"."BlocksRestored" + (NEW."Restored" - OLD."Restored")        , "SizeRestored" = "FileProgress-14F8047897AC8A41BE5B5F36827AB4B6"."SizeRestored" + ((NEW."Restored" - OLD."Restored") * NEW.Size)    WHERE "FileProgress-14F8047897AC8A41BE5B5F36827AB4B6"."FileId" = NEW."FileID"   ; END  took 0:00:00:00.000
2019-08-29 08:13:46 -04 - [Profiling-Timer.Begin-Duplicati.Library.Main.Database.ExtensionMethods-ExecuteNonQuery]: Starting - ExecuteNonQuery: CREATE TEMPORARY TRIGGER "UpdateTotalStats_FileProgress-14F8047897AC8A41BE5B5F36827AB4B6" AFTER UPDATE ON "FileProgress-14F8047897AC8A41BE5B5F36827AB4B6"   BEGIN UPDATE "TotalProgress-14F8047897AC8A41BE5B5F36827AB4B6"      SET "FilesFullyRestored" = "TotalProgress-14F8047897AC8A41BE5B5F36827AB4B6"."FilesFullyRestored"                  + (CASE WHEN NEW."BlocksRestored" = NEW."TotalBlocks" THEN 1 ELSE 0 END)                  - (CASE WHEN OLD."BlocksRestored" = OLD."TotalBlocks" THEN 1 ELSE 0 END)        , "FilesPartiallyRestored" = "TotalProgress-14F8047897AC8A41BE5B5F36827AB4B6"."FilesPartiallyRestored"                  + (CASE WHEN NEW."BlocksRestored" BETWEEN 1 AND NEW."TotalBlocks" - 1 THEN 1 ELSE 0 END)                  - (CASE WHEN OLD."BlocksRestored" BETWEEN 1 AND OLD."TotalBlocks" - 1 THEN 1 ELSE 0 END)        , "BlocksRestored" = "TotalProgress-14F8047897AC8A41BE5B5F36827AB4B6"."BlocksRestored" + NEW."BlocksRestored" - OLD."BlocksRestored"        , "SizeRestored" = "TotalProgress-14F8047897AC8A41BE5B5F36827AB4B6"."SizeRestored" + NEW."SizeRestored" - OLD."SizeRestored"   ; END 
2019-08-29 08:13:46 -04 - [Profiling-Timer.Finished-Duplicati.Library.Main.Database.ExtensionMethods-ExecuteNonQuery]: ExecuteNonQuery: CREATE TEMPORARY TRIGGER "UpdateTotalStats_FileProgress-14F8047897AC8A41BE5B5F36827AB4B6" AFTER UPDATE ON "FileProgress-14F8047897AC8A41BE5B5F36827AB4B6"   BEGIN UPDATE "TotalProgress-14F8047897AC8A41BE5B5F36827AB4B6"      SET "FilesFullyRestored" = "TotalProgress-14F8047897AC8A41BE5B5F36827AB4B6"."FilesFullyRestored"                  + (CASE WHEN NEW."BlocksRestored" = NEW."TotalBlocks" THEN 1 ELSE 0 END)                  - (CASE WHEN OLD."BlocksRestored" = OLD."TotalBlocks" THEN 1 ELSE 0 END)        , "FilesPartiallyRestored" = "TotalProgress-14F8047897AC8A41BE5B5F36827AB4B6"."FilesPartiallyRestored"                  + (CASE WHEN NEW."BlocksRestored" BETWEEN 1 AND NEW."TotalBlocks" - 1 THEN 1 ELSE 0 END)                  - (CASE WHEN OLD."BlocksRestored" BETWEEN 1 AND OLD."TotalBlocks" - 1 THEN 1 ELSE 0 END)        , "BlocksRestored" = "TotalProgress-14F8047897AC8A41BE5B5F36827AB4B6"."BlocksRestored" + NEW."BlocksRestored" - OLD."BlocksRestored"        , "SizeRestored" = "TotalProgress-14F8047897AC8A41BE5B5F36827AB4B6"."SizeRestored" + NEW."SizeRestored" - OLD."SizeRestored"   ; END  took 0:00:00:00.000
2019-08-29 08:13:46 -04 - [Profiling-Timer.Finished-Duplicati.Library.Main.Operation.RestoreHandler-CreateProgressTracker]: CreateProgressTracker took 0:00:00:00.001
2019-08-29 08:13:46 -04 - [Profiling-Timer.Finished-Duplicati.Library.Main.Operation.RestoreHandler-PrepareBlockList]: PrepareBlockList took 0:00:00:00.017
2019-08-29 08:13:46 -04 - [Profiling-Timer.Begin-Duplicati.Library.Main.Operation.RestoreHandler-CreateDirectory]: Starting - CreateDirectory
2019-08-29 08:13:46 -04 - [Profiling-Timer.Begin-Duplicati.Library.Main.Database.ExtensionMethods-ExecuteReader]: Starting - ExecuteReader: SELECT "TargetPath" FROM "Fileset-045B7BF3E68EDF40A003A8BA2B85507B" WHERE "BlocksetID" == -100
2019-08-29 08:13:46 -04 - [Profiling-Timer.Finished-Duplicati.Library.Main.Database.ExtensionMethods-ExecuteReader]: ExecuteReader: SELECT "TargetPath" FROM "Fileset-045B7BF3E68EDF40A003A8BA2B85507B" WHERE "BlocksetID" == -100 took 0:00:00:00.000
2019-08-29 08:13:46 -04 - [Profiling-Timer.Finished-Duplicati.Library.Main.Operation.RestoreHandler-CreateDirectory]: CreateDirectory took 0:00:00:00.001
2019-08-29 08:13:46 -04 - [Profiling-Timer.Begin-Duplicati.Library.Main.Operation.RestoreHandler-ScanForExistingTargetBlocks]: Starting - ScanForExistingTargetBlocks
2019-08-29 08:13:46 -04 - [Verbose-Duplicati.Library.Main.Operation.RestoreHandler-TargetExistsInCorrectVersion]: Target file exists and is correct version: D:\test-1-source-S\!Elucidate-Smurf-IV.zip
2019-08-29 08:13:46 -04 - [Verbose-Duplicati.Library.Main.Operation.RestoreHandler-TargetExistsInCorrectVersion]: Target file exists and is correct version: D:\test-1-source-S\10.bc
2019-08-29 08:13:46 -04 - [Verbose-Duplicati.Library.Main.Operation.RestoreHandler-TargetExistsInCorrectVersion]: Target file exists and is correct version: D:\test-1-source-S\12.bc
2019-08-29 08:13:46 -04 - [Verbose-Duplicati.Library.Main.Operation.RestoreHandler-TargetExistsInCorrectVersion]: Target file exists and is correct version: D:\test-1-source-S\13.bc
2019-08-29 08:13:46 -04 - [Verbose-Duplicati.Library.Main.Operation.RestoreHandler-TargetExistsInCorrectVersion]: Target file exists and is correct version: D:\test-1-source-S\17.bc
2019-08-29 08:13:46 -04 - [Verbose-Duplicati.Library.Main.Operation.RestoreHandler-TargetExistsInCorrectVersion]: Target file exists and is correct version: D:\test-1-source-S\2.bc
2019-08-29 08:13:46 -04 - [Verbose-Duplicati.Library.Main.Operation.RestoreHandler-TargetExistsInCorrectVersion]: Target file exists and is correct version: D:\test-1-source-S\20.bc
2019-08-29 08:13:46 -04 - [Verbose-Duplicati.Library.Main.Operation.RestoreHandler-TargetExistsInCorrectVersion]: Target file exists and is correct version: D:\test-1-source-S\21.bc
2019-08-29 08:13:46 -04 - [Verbose-Duplicati.Library.Main.Operation.RestoreHandler-TargetExistsInCorrectVersion]: Target file exists and is correct version: D:\test-1-source-S\22.bc
2019-08-29 08:13:46 -04 - [Verbose-Duplicati.Library.Main.Operation.RestoreHandler-TargetExistsInCorrectVersion]: Target file exists and is correct version: D:\test-1-source-S\23.bc
2019-08-29 08:13:46 -04 - [Verbose-Duplicati.Library.Main.Operation.RestoreHandler-TargetExistsInCorrectVersion]: Target file exists and is correct version: D:\test-1-source-S\24.bc
2019-08-29 08:13:46 -04 - [Verbose-Duplicati.Library.Main.Operation.RestoreHandler-TargetExistsInCorrectVersion]: Target file exists and is correct version: D:\test-1-source-S\25.bc
2019-08-29 08:13:46 -04 - [Verbose-Duplicati.Library.Main.Operation.RestoreHandler-TargetExistsInCorrectVersion]: Target file exists and is correct version: D:\test-1-source-S\3.bc
2019-08-29 08:13:46 -04 - [Verbose-Duplicati.Library.Main.Operation.RestoreHandler-TargetExistsInCorrectVersion]: Target file exists and is correct version: D:\test-1-source-S\30.bc
2019-08-29 08:13:46 -04 - [Verbose-Duplicati.Library.Main.Operation.RestoreHandler-TargetExistsInCorrectVersion]: Target file exists and is correct version: D:\test-1-source-S\31.bc
2019-08-29 08:13:46 -04 - [Verbose-Duplicati.Library.Main.Operation.RestoreHandler-TargetExistsInCorrectVersion]: Target file exists and is correct version: D:\test-1-source-S\34.bc
2019-08-29 08:13:46 -04 - [Verbose-Duplicati.Library.Main.Operation.RestoreHandler-TargetExistsInCorrectVersion]: Target file exists and is correct version: D:\test-1-source-S\35.bc
2019-08-29 08:13:46 -04 - [Verbose-Duplicati.Library.Main.Operation.RestoreHandler-TargetExistsInCorrectVersion]: Target file exists and is correct version: D:\test-1-source-S\37.bc
2019-08-29 08:13:46 -04 - [Verbose-Duplicati.Library.Main.Operation.RestoreHandler-TargetExistsInCorrectVersion]: Target file exists and is correct version: D:\test-1-source-S\38.bc
2019-08-29 08:13:46 -04 - [Verbose-Duplicati.Library.Main.Operation.RestoreHandler-TargetExistsInCorrectVersion]: Target file exists and is correct version: D:\test-1-source-S\4.bc
2019-08-29 08:13:46 -04 - [Verbose-Duplicati.Library.Main.Operation.RestoreHandler-TargetExistsInCorrectVersion]: Target file exists and is correct version: D:\test-1-source-S\41.bc
2019-08-29 08:13:46 -04 - [Verbose-Duplicati.Library.Main.Operation.RestoreHandler-TargetExistsInCorrectVersion]: Target file exists and is correct version: D:\test-1-source-S\42.bc
2019-08-29 08:13:46 -04 - [Verbose-Duplicati.Library.Main.Operation.RestoreHandler-TargetExistsInCorrectVersion]: Target file exists and is correct version: D:\test-1-source-S\44.bc
2019-08-29 08:13:46 -04 - [Verbose-Duplicati.Library.Main.Operation.RestoreHandler-TargetExistsInCorrectVersion]: Target file exists and is correct version: D:\test-1-source-S\45.bc
2019-08-29 08:13:46 -04 - [Verbose-Duplicati.Library.Main.Operation.RestoreHandler-TargetExistsInCorrectVersion]: Target file exists and is correct version: D:\test-1-source-S\47.bc
2019-08-29 08:13:46 -04 - [Verbose-Duplicati.Library.Main.Operation.RestoreHandler-TargetExistsInCorrectVersion]: Target file exists and is correct version: D:\test-1-source-S\5.bc
2019-08-29 08:13:46 -04 - [Verbose-Duplicati.Library.Main.Operation.RestoreHandler-TargetExistsInCorrectVersion]: Target file exists and is correct version: D:\test-1-source-S\9.bc
2019-08-29 08:13:46 -04 - [Verbose-Duplicati.Library.Main.Operation.RestoreHandler-TargetExistsInCorrectVersion]: Target file exists and is correct version: D:\test-1-source-S\changing-file.ps1
2019-08-29 08:13:46 -04 - [Verbose-Duplicati.Library.Main.Operation.RestoreHandler-TargetExistsInCorrectVersion]: Target file exists and is correct version: D:\test-1-source-S\writing - Copy (2).txt
2019-08-29 08:13:46 -04 - [Verbose-Duplicati.Library.Main.Operation.RestoreHandler-TargetExistsInCorrectVersion]: Target file exists and is correct version: D:\test-1-source-S\writing - Copy.txt
2019-08-29 08:13:46 -04 - [Profiling-Timer.Begin-Duplicati.Library.Main.Database.LocalRestoreDatabase-CommitBlockMarker]: Starting - CommitBlockMarker
2019-08-29 08:13:46 -04 - [Profiling-Timer.Finished-Duplicati.Library.Main.Database.LocalRestoreDatabase-CommitBlockMarker]: CommitBlockMarker took 0:00:00:00.000
2019-08-29 08:13:46 -04 - [Profiling-Timer.Finished-Duplicati.Library.Main.Operation.RestoreHandler-ScanForExistingTargetBlocks]: ScanForExistingTargetBlocks took 0:00:00:00.108
2019-08-29 08:13:46 -04 - [Profiling-Timer.Begin-Duplicati.Library.Main.Operation.RestoreHandler-ScanForExistingSourceBlocksFast]: Starting - ScanForExistingSourceBlocksFast
2019-08-29 08:13:46 -04 - [Profiling-Timer.Finished-Duplicati.Library.Main.Operation.RestoreHandler-ScanForExistingSourceBlocksFast]: ScanForExistingSourceBlocksFast took 0:00:00:00.000
2019-08-29 08:13:46 -04 - [Profiling-Timer.Begin-Duplicati.Library.Main.Operation.RestoreHandler-GetMissingVolumes]: Starting - GetMissingVolumes
2019-08-29 08:13:46 -04 - [Profiling-Timer.Finished-Duplicati.Library.Main.Operation.RestoreHandler-GetMissingVolumes]: GetMissingVolumes took 0:00:00:00.002
2019-08-29 08:13:46 -04 - [Information-Duplicati.Library.Main.Operation.RestoreHandler-RemoteFileCount]: 1 remote files are required to restore
2019-08-29 08:13:46 -04 - [Profiling-Timer.Begin-Duplicati.Library.Main.BackendManager-RemoteOperationGet]: Starting - RemoteOperationGet
2019-08-29 08:13:46 -04 - [Information-Duplicati.Library.Main.BasicResults-BackendEvent]: Backend event: Get - Started: duplicati-bba47917696dd4b009c5fa77d2f2a38cd.dblock.zip.aes (1.41 MB)
2019-08-29 08:13:46 -04 - [Profiling-Duplicati.Library.Main.BackendManager-DownloadSpeed]: Downloaded and decrypted 1.41 MB in 00:00:00.0600001, 23.47 MB/s
2019-08-29 08:13:46 -04 - [Information-Duplicati.Library.Main.BasicResults-BackendEvent]: Backend event: Get - Completed: duplicati-bba47917696dd4b009c5fa77d2f2a38cd.dblock.zip.aes (1.41 MB)
2019-08-29 08:13:46 -04 - [Profiling-Timer.Finished-Duplicati.Library.Main.BackendManager-RemoteOperationGet]: RemoteOperationGet took 0:00:00:00.063
2019-08-29 08:13:46 -04 - [Verbose-Duplicati.Library.Main.Operation.RestoreHandler-RecordingMetadata]: Recording metadata from remote data: D:\test-1-source-S\
2019-08-29 08:13:46 -04 - [Verbose-Duplicati.Library.Main.Operation.RestoreHandler-RecordingMetadata]: Recording metadata from remote data: D:\test-1-source-S\!Elucidate-Smurf-IV.zip
2019-08-29 08:13:46 -04 - [Verbose-Duplicati.Library.Main.Operation.RestoreHandler-RecordingMetadata]: Recording metadata from remote data: D:\test-1-source-S\10.bc
2019-08-29 08:13:46 -04 - [Verbose-Duplicati.Library.Main.Operation.RestoreHandler-RecordingMetadata]: Recording metadata from remote data: D:\test-1-source-S\12.bc
2019-08-29 08:13:46 -04 - [Verbose-Duplicati.Library.Main.Operation.RestoreHandler-RecordingMetadata]: Recording metadata from remote data: D:\test-1-source-S\13.bc
2019-08-29 08:13:46 -04 - [Verbose-Duplicati.Library.Main.Operation.RestoreHandler-RecordingMetadata]: Recording metadata from remote data: D:\test-1-source-S\17.bc
2019-08-29 08:13:46 -04 - [Verbose-Duplicati.Library.Main.Operation.RestoreHandler-RecordingMetadata]: Recording metadata from remote data: D:\test-1-source-S\2.bc
2019-08-29 08:13:46 -04 - [Verbose-Duplicati.Library.Main.Operation.RestoreHandler-RecordingMetadata]: Recording metadata from remote data: D:\test-1-source-S\20.bc
2019-08-29 08:13:46 -04 - [Verbose-Duplicati.Library.Main.Operation.RestoreHandler-RecordingMetadata]: Recording metadata from remote data: D:\test-1-source-S\21.bc
2019-08-29 08:13:46 -04 - [Verbose-Duplicati.Library.Main.Operation.RestoreHandler-RecordingMetadata]: Recording metadata from remote data: D:\test-1-source-S\22.bc
2019-08-29 08:13:46 -04 - [Verbose-Duplicati.Library.Main.Operation.RestoreHandler-RecordingMetadata]: Recording metadata from remote data: D:\test-1-source-S\23.bc
2019-08-29 08:13:46 -04 - [Verbose-Duplicati.Library.Main.Operation.RestoreHandler-RecordingMetadata]: Recording metadata from remote data: D:\test-1-source-S\24.bc
2019-08-29 08:13:46 -04 - [Verbose-Duplicati.Library.Main.Operation.RestoreHandler-RecordingMetadata]: Recording metadata from remote data: D:\test-1-source-S\25.bc
2019-08-29 08:13:46 -04 - [Verbose-Duplicati.Library.Main.Operation.RestoreHandler-RecordingMetadata]: Recording metadata from remote data: D:\test-1-source-S\3.bc
2019-08-29 08:13:46 -04 - [Verbose-Duplicati.Library.Main.Operation.RestoreHandler-RecordingMetadata]: Recording metadata from remote data: D:\test-1-source-S\30.bc
2019-08-29 08:13:46 -04 - [Verbose-Duplicati.Library.Main.Operation.RestoreHandler-RecordingMetadata]: Recording metadata from remote data: D:\test-1-source-S\31.bc
2019-08-29 08:13:46 -04 - [Verbose-Duplicati.Library.Main.Operation.RestoreHandler-RecordingMetadata]: Recording metadata from remote data: D:\test-1-source-S\34.bc
2019-08-29 08:13:46 -04 - [Verbose-Duplicati.Library.Main.Operation.RestoreHandler-RecordingMetadata]: Recording metadata from remote data: D:\test-1-source-S\35.bc
2019-08-29 08:13:46 -04 - [Verbose-Duplicati.Library.Main.Operation.RestoreHandler-RecordingMetadata]: Recording metadata from remote data: D:\test-1-source-S\37.bc
2019-08-29 08:13:46 -04 - [Verbose-Duplicati.Library.Main.Operation.RestoreHandler-RecordingMetadata]: Recording metadata from remote data: D:\test-1-source-S\38.bc
2019-08-29 08:13:46 -04 - [Verbose-Duplicati.Library.Main.Operation.RestoreHandler-RecordingMetadata]: Recording metadata from remote data: D:\test-1-source-S\4.bc
2019-08-29 08:13:46 -04 - [Verbose-Duplicati.Library.Main.Operation.RestoreHandler-RecordingMetadata]: Recording metadata from remote data: D:\test-1-source-S\41.bc
2019-08-29 08:13:46 -04 - [Verbose-Duplicati.Library.Main.Operation.RestoreHandler-RecordingMetadata]: Recording metadata from remote data: D:\test-1-source-S\42.bc
2019-08-29 08:13:46 -04 - [Verbose-Duplicati.Library.Main.Operation.RestoreHandler-RecordingMetadata]: Recording metadata from remote data: D:\test-1-source-S\44.bc
2019-08-29 08:13:46 -04 - [Verbose-Duplicati.Library.Main.Operation.RestoreHandler-RecordingMetadata]: Recording metadata from remote data: D:\test-1-source-S\45.bc
2019-08-29 08:13:46 -04 - [Verbose-Duplicati.Library.Main.Operation.RestoreHandler-RecordingMetadata]: Recording metadata from remote data: D:\test-1-source-S\47.bc
2019-08-29 08:13:46 -04 - [Verbose-Duplicati.Library.Main.Operation.RestoreHandler-RecordingMetadata]: Recording metadata from remote data: D:\test-1-source-S\5.bc
2019-08-29 08:13:46 -04 - [Verbose-Duplicati.Library.Main.Operation.RestoreHandler-RecordingMetadata]: Recording metadata from remote data: D:\test-1-source-S\9.bc
2019-08-29 08:13:46 -04 - [Verbose-Duplicati.Library.Main.Operation.RestoreHandler-RecordingMetadata]: Recording metadata from remote data: D:\test-1-source-S\changing-file.ps1
2019-08-29 08:13:46 -04 - [Verbose-Duplicati.Library.Main.Operation.RestoreHandler-RecordingMetadata]: Recording metadata from remote data: D:\test-1-source-S\writing - Copy (2).txt
2019-08-29 08:13:46 -04 - [Verbose-Duplicati.Library.Main.Operation.RestoreHandler-RecordingMetadata]: Recording metadata from remote data: D:\test-1-source-S\writing - Copy.txt
2019-08-29 08:13:46 -04 - [Verbose-Duplicati.Library.Main.Operation.RestoreHandler-RecordingMetadata]: Recording metadata from remote data: D:\test-1-source-S\writing.txt
2019-08-29 08:13:46 -04 - [Profiling-Timer.Begin-Duplicati.Library.Main.Database.LocalRestoreDatabase-CommitBlockMarker]: Starting - CommitBlockMarker
2019-08-29 08:13:46 -04 - [Profiling-Timer.Finished-Duplicati.Library.Main.Database.LocalRestoreDatabase-CommitBlockMarker]: CommitBlockMarker took 0:00:00:00.000
2019-08-29 08:13:46 -04 - [Profiling-Timer.Begin-Duplicati.Library.Main.Database.ExtensionMethods-ExecuteReader]: Starting - ExecuteReader: SELECT "Fileset-045B7BF3E68EDF40A003A8BA2B85507B"."ID", "Fileset-045B7BF3E68EDF40A003A8BA2B85507B"."TargetPath", "Blockset"."FullHash", "Blockset"."Length" FROM "Fileset-045B7BF3E68EDF40A003A8BA2B85507B","Blockset" WHERE "Fileset-045B7BF3E68EDF40A003A8BA2B85507B"."BlocksetID" = "Blockset"."ID" AND "Fileset-045B7BF3E68EDF40A003A8BA2B85507B"."DataVerified" <= False
2019-08-29 08:13:46 -04 - [Profiling-Timer.Finished-Duplicati.Library.Main.Database.ExtensionMethods-ExecuteReader]: ExecuteReader: SELECT "Fileset-045B7BF3E68EDF40A003A8BA2B85507B"."ID", "Fileset-045B7BF3E68EDF40A003A8BA2B85507B"."TargetPath", "Blockset"."FullHash", "Blockset"."Length" FROM "Fileset-045B7BF3E68EDF40A003A8BA2B85507B","Blockset" WHERE "Fileset-045B7BF3E68EDF40A003A8BA2B85507B"."BlocksetID" = "Blockset"."ID" AND "Fileset-045B7BF3E68EDF40A003A8BA2B85507B"."DataVerified" <= False took 0:00:00:00.000
2019-08-29 08:13:46 -04 - [Profiling-Duplicati.Library.Main.Operation.RestoreHandlerMetadataStorage-MetadataStorageSize]: The metadata storage file has 32 entries and takes up 5.96 KB
2019-08-29 08:13:46 -04 - [Profiling-Timer.Begin-Duplicati.Library.Main.Operation.RestoreHandlerMetadataStorage-ReadMetadata]: Starting - Read metadata from file
2019-08-29 08:13:46 -04 - [Verbose-Duplicati.Library.Main.Operation.RestoreHandler-PatchingMetadata]: Patching metadata with remote data: D:\test-1-source-S\
2019-08-29 08:13:46 -04 - [Verbose-Duplicati.Library.Main.Operation.RestoreHandler-PatchingMetadata]: Patching metadata with remote data: D:\test-1-source-S\!Elucidate-Smurf-IV.zip
2019-08-29 08:13:46 -04 - [Verbose-Duplicati.Library.Main.Operation.RestoreHandler-PatchingMetadata]: Patching metadata with remote data: D:\test-1-source-S\10.bc
2019-08-29 08:13:46 -04 - [Verbose-Duplicati.Library.Main.Operation.RestoreHandler-PatchingMetadata]: Patching metadata with remote data: D:\test-1-source-S\12.bc
2019-08-29 08:13:46 -04 - [Verbose-Duplicati.Library.Main.Operation.RestoreHandler-PatchingMetadata]: Patching metadata with remote data: D:\test-1-source-S\13.bc
2019-08-29 08:13:46 -04 - [Verbose-Duplicati.Library.Main.Operation.RestoreHandler-PatchingMetadata]: Patching metadata with remote data: D:\test-1-source-S\17.bc
2019-08-29 08:13:46 -04 - [Verbose-Duplicati.Library.Main.Operation.RestoreHandler-PatchingMetadata]: Patching metadata with remote data: D:\test-1-source-S\2.bc
2019-08-29 08:13:46 -04 - [Verbose-Duplicati.Library.Main.Operation.RestoreHandler-PatchingMetadata]: Patching metadata with remote data: D:\test-1-source-S\20.bc
2019-08-29 08:13:46 -04 - [Verbose-Duplicati.Library.Main.Operation.RestoreHandler-PatchingMetadata]: Patching metadata with remote data: D:\test-1-source-S\21.bc
2019-08-29 08:13:46 -04 - [Verbose-Duplicati.Library.Main.Operation.RestoreHandler-PatchingMetadata]: Patching metadata with remote data: D:\test-1-source-S\22.bc
2019-08-29 08:13:46 -04 - [Verbose-Duplicati.Library.Main.Operation.RestoreHandler-PatchingMetadata]: Patching metadata with remote data: D:\test-1-source-S\23.bc
2019-08-29 08:13:46 -04 - [Verbose-Duplicati.Library.Main.Operation.RestoreHandler-PatchingMetadata]: Patching metadata with remote data: D:\test-1-source-S\24.bc
2019-08-29 08:13:46 -04 - [Verbose-Duplicati.Library.Main.Operation.RestoreHandler-PatchingMetadata]: Patching metadata with remote data: D:\test-1-source-S\25.bc
2019-08-29 08:13:46 -04 - [Verbose-Duplicati.Library.Main.Operation.RestoreHandler-PatchingMetadata]: Patching metadata with remote data: D:\test-1-source-S\3.bc
2019-08-29 08:13:46 -04 - [Verbose-Duplicati.Library.Main.Operation.RestoreHandler-PatchingMetadata]: Patching metadata with remote data: D:\test-1-source-S\30.bc
2019-08-29 08:13:46 -04 - [Verbose-Duplicati.Library.Main.Operation.RestoreHandler-PatchingMetadata]: Patching metadata with remote data: D:\test-1-source-S\31.bc
2019-08-29 08:13:46 -04 - [Verbose-Duplicati.Library.Main.Operation.RestoreHandler-PatchingMetadata]: Patching metadata with remote data: D:\test-1-source-S\34.bc
2019-08-29 08:13:46 -04 - [Verbose-Duplicati.Library.Main.Operation.RestoreHandler-PatchingMetadata]: Patching metadata with remote data: D:\test-1-source-S\35.bc
2019-08-29 08:13:46 -04 - [Verbose-Duplicati.Library.Main.Operation.RestoreHandler-PatchingMetadata]: Patching metadata with remote data: D:\test-1-source-S\37.bc
2019-08-29 08:13:46 -04 - [Verbose-Duplicati.Library.Main.Operation.RestoreHandler-PatchingMetadata]: Patching metadata with remote data: D:\test-1-source-S\38.bc
2019-08-29 08:13:46 -04 - [Verbose-Duplicati.Library.Main.Operation.RestoreHandler-PatchingMetadata]: Patching metadata with remote data: D:\test-1-source-S\4.bc
2019-08-29 08:13:46 -04 - [Verbose-Duplicati.Library.Main.Operation.RestoreHandler-PatchingMetadata]: Patching metadata with remote data: D:\test-1-source-S\41.bc
2019-08-29 08:13:46 -04 - [Verbose-Duplicati.Library.Main.Operation.RestoreHandler-PatchingMetadata]: Patching metadata with remote data: D:\test-1-source-S\42.bc
2019-08-29 08:13:46 -04 - [Verbose-Duplicati.Library.Main.Operation.RestoreHandler-PatchingMetadata]: Patching metadata with remote data: D:\test-1-source-S\44.bc
2019-08-29 08:13:46 -04 - [Verbose-Duplicati.Library.Main.Operation.RestoreHandler-PatchingMetadata]: Patching metadata with remote data: D:\test-1-source-S\45.bc
2019-08-29 08:13:46 -04 - [Verbose-Duplicati.Library.Main.Operation.RestoreHandler-PatchingMetadata]: Patching metadata with remote data: D:\test-1-source-S\47.bc
2019-08-29 08:13:46 -04 - [Verbose-Duplicati.Library.Main.Operation.RestoreHandler-PatchingMetadata]: Patching metadata with remote data: D:\test-1-source-S\5.bc
2019-08-29 08:13:46 -04 - [Verbose-Duplicati.Library.Main.Operation.RestoreHandler-PatchingMetadata]: Patching metadata with remote data: D:\test-1-source-S\9.bc
2019-08-29 08:13:46 -04 - [Verbose-Duplicati.Library.Main.Operation.RestoreHandler-PatchingMetadata]: Patching metadata with remote data: D:\test-1-source-S\changing-file.ps1
2019-08-29 08:13:46 -04 - [Verbose-Duplicati.Library.Main.Operation.RestoreHandler-PatchingMetadata]: Patching metadata with remote data: D:\test-1-source-S\writing - Copy (2).txt
2019-08-29 08:13:46 -04 - [Verbose-Duplicati.Library.Main.Operation.RestoreHandler-PatchingMetadata]: Patching metadata with remote data: D:\test-1-source-S\writing - Copy.txt
2019-08-29 08:13:46 -04 - [Verbose-Duplicati.Library.Main.Operation.RestoreHandler-PatchingMetadata]: Patching metadata with remote data: D:\test-1-source-S\writing.txt
2019-08-29 08:13:46 -04 - [Profiling-Timer.Finished-Duplicati.Library.Main.Operation.RestoreHandlerMetadataStorage-ReadMetadata]: Read metadata from file took 0:00:00:00.013
2019-08-29 08:13:46 -04 - [Profiling-Timer.Begin-Duplicati.Library.Main.Operation.RestoreHandler-RestoreVerification]: Starting - RestoreVerification
2019-08-29 08:13:46 -04 - [Profiling-Timer.Begin-Duplicati.Library.Main.Database.ExtensionMethods-ExecuteReader]: Starting - ExecuteReader: SELECT "Fileset-045B7BF3E68EDF40A003A8BA2B85507B"."ID", "Fileset-045B7BF3E68EDF40A003A8BA2B85507B"."TargetPath", "Blockset"."FullHash", "Blockset"."Length" FROM "Fileset-045B7BF3E68EDF40A003A8BA2B85507B","Blockset" WHERE "Fileset-045B7BF3E68EDF40A003A8BA2B85507B"."BlocksetID" = "Blockset"."ID" AND "Fileset-045B7BF3E68EDF40A003A8BA2B85507B"."DataVerified" <= False
2019-08-29 08:13:46 -04 - [Profiling-Timer.Finished-Duplicati.Library.Main.Database.ExtensionMethods-ExecuteReader]: ExecuteReader: SELECT "Fileset-045B7BF3E68EDF40A003A8BA2B85507B"."ID", "Fileset-045B7BF3E68EDF40A003A8BA2B85507B"."TargetPath", "Blockset"."FullHash", "Blockset"."Length" FROM "Fileset-045B7BF3E68EDF40A003A8BA2B85507B","Blockset" WHERE "Fileset-045B7BF3E68EDF40A003A8BA2B85507B"."BlocksetID" = "Blockset"."ID" AND "Fileset-045B7BF3E68EDF40A003A8BA2B85507B"."DataVerified" <= False took 0:00:00:00.000
2019-08-29 08:13:46 -04 - [Verbose-Duplicati.Library.Main.Operation.RestoreHandler-TestFileIntegrity]: Testing restored file integrity: D:\test-1-source-S\writing.txt
2019-08-29 08:13:46 -04 - [Profiling-Timer.Finished-Duplicati.Library.Main.Operation.RestoreHandler-RestoreVerification]: RestoreVerification took 0:00:00:00.000
2019-08-29 08:13:46 -04 - [Profiling-Timer.Begin-Duplicati.Library.Main.BackendManager-RemoteOperationTerminate]: Starting - RemoteOperationTerminate
2019-08-29 08:13:46 -04 - [Profiling-Timer.Finished-Duplicati.Library.Main.BackendManager-RemoteOperationTerminate]: RemoteOperationTerminate took 0:00:00:00.001
2019-08-29 08:13:46 -04 - [Profiling-Timer.Begin-Duplicati.Library.Main.Database.ExtensionMethods-ExecuteNonQuery]: Starting - ExecuteNonQuery: PRAGMA optimize
2019-08-29 08:13:46 -04 - [Profiling-Timer.Finished-Duplicati.Library.Main.Database.ExtensionMethods-ExecuteNonQuery]: ExecuteNonQuery: PRAGMA optimize took 0:00:00:00.000
2019-08-29 08:13:46 -04 - [Profiling-Timer.Finished-Duplicati.Library.Main.Controller-RunRestore]: Running Restore took 0:00:00:00.425
2019-08-29 08:13:46 -04 - [Information-Duplicati.Library.Main.Controller-CompletedOperation]: The operation Restore has completed
